<?xml version="1.0" encoding="UTF-8"?>
<!-- Generated by org.testng.reporters.JUnitXMLReporter -->
<testsuite ignored="1" hostname="LAPTOP-I18JAT8J" failures="0" tests="6" name="Test" time="122.961" errors="0" timestamp="2022-10-23T11:24:22 IST">
  <testcase classname="TestNGpack.VerifyAddToCardButton" name="verifySearchBar" time="5.658"/>
  <testcase classname="TestNGpack.VerifyAddToCardButton" name="verifyAddToCardButton" time="9.564"/>
  <testcase classname="TestNGpack.VerifyProductDetailspage" name="vefiySearchBarButton" time="3.954"/>
  <testcase classname="TestNGpack.VerifyProductDetailspage" name="verifyProductDitails" time="12.93"/>
  <testcase classname="TestNGpack.VerifyHomePage" name="verifyhomepage" time="3.485"/>
  <testcase classname="TestNGpack.VerifyHomePage" name="verifySearchBar" time="5.599"/>
  <testcase classname="TestNGpack.VerifyAddToCardButton" name="verifyBuyNowButton" time="0.0">
    <ignored/>
  </testcase> <!-- verifyBuyNowButton -->
</testsuite> <!-- Test -->
