<?xml version="1.0" encoding="UTF-8"?>
<!-- Generated by org.testng.reporters.JUnitXMLReporter -->
<testsuite ignored="0" hostname="LAPTOP-I18JAT8J" failures="0" tests="8" name="ChromeTest" time="20.444" errors="0" timestamp="2022-11-20T17:56:15 IST">
  <testcase classname="TestNGpack.VerifyAddToCardButton" name="@BeforeTest launchBrowser" time="20.353">
    <failure type="org.openqa.selenium.WebDriverException" message="Timed out waiting for driver server to start.
Build info: version: &amp;apos;3.141.59&amp;apos;, revision: &amp;apos;e82be7d358&amp;apos;, time: &amp;apos;2018-11-14T08:17:03&amp;apos;
System info: host: &amp;apos;LAPTOP-I18JAT8J&amp;apos;, ip: &amp;apos;192.168.87.188&amp;apos;, os.name: &amp;apos;Windows 10&amp;apos;, os.arch: &amp;apos;amd64&amp;apos;, os.version: &amp;apos;10.0&amp;apos;, java.version: &amp;apos;18.0.1.1&amp;apos;
Driver info: driver.version: ChromeDriver">
      <![CDATA[org.openqa.selenium.WebDriverException: Timed out waiting for driver server to start.
Build info: version: '3.141.59', revision: 'e82be7d358', time: '2018-11-14T08:17:03'
System info: host: 'LAPTOP-I18JAT8J', ip: '192.168.87.188', os.name: 'Windows 10', os.arch: 'amd64', os.version: '10.0', java.version: '18.0.1.1'
Driver info: driver.version: ChromeDriver
at org.openqa.selenium.remote.service.DriverService.waitUntilAvailable(DriverService.java:202)
at org.openqa.selenium.remote.service.DriverService.start(DriverService.java:188)
at org.openqa.selenium.remote.service.DriverCommandExecutor.execute(DriverCommandExecutor.java:79)
at org.openqa.selenium.remote.RemoteWebDriver.execute(RemoteWebDriver.java:552)
at org.openqa.selenium.remote.RemoteWebDriver.startSession(RemoteWebDriver.java:213)
at org.openqa.selenium.remote.RemoteWebDriver.<init>(RemoteWebDriver.java:131)
at org.openqa.selenium.chrome.ChromeDriver.<init>(ChromeDriver.java:181)
at org.openqa.selenium.chrome.ChromeDriver.<init>(ChromeDriver.java:168)
at org.openqa.selenium.chrome.ChromeDriver.<init>(ChromeDriver.java:123)
at setup.Base.openChromeBrowser(Base.java:13)
at TestNGpack.VerifyAddToCardButton.launchBrowser(VerifyAddToCardButton.java:45)
Caused by: org.openqa.selenium.net.UrlChecker$TimeoutException: Timed out waiting for [http://localhost:4013/status] to be available after 20011 ms
at org.openqa.selenium.net.UrlChecker.waitUntilAvailable(UrlChecker.java:100)
at org.openqa.selenium.remote.service.DriverService.waitUntilAvailable(DriverService.java:197)
... 32 more
Caused by: java.util.concurrent.TimeoutException
at java.base/java.util.concurrent.FutureTask.get(FutureTask.java:204)
at com.google.common.util.concurrent.SimpleTimeLimiter.callWithTimeout(SimpleTimeLimiter.java:156)
at org.openqa.selenium.net.UrlChecker.waitUntilAvailable(UrlChecker.java:75)
... 33 more
... Removed 22 stack frames]]>
    </failure>
  </testcase> <!-- @BeforeTest launchBrowser -->
  <testcase classname="TestNGpack.VerifyHomePage" name="@BeforeTest launchBrowser" time="-1.668947175146E9">
    <skipped/>
  </testcase> <!-- @BeforeTest launchBrowser -->
  <testcase classname="TestNGpack.VerifyProductDetailspage" name="@BeforeTest launchBrowser" time="-1.668947175148E9">
    <skipped/>
  </testcase> <!-- @BeforeTest launchBrowser -->
  <testcase classname="TestNGpack.VerifyAddToCardButton" name="@BeforeClass createPOMObjects" time="-1.668947175167E9">
    <skipped/>
  </testcase> <!-- @BeforeClass createPOMObjects -->
  <testcase classname="TestNGpack.VerifyHomePage" name="@BeforeClass createPOMObjects" time="-1.668947175167E9">
    <skipped/>
  </testcase> <!-- @BeforeClass createPOMObjects -->
  <testcase classname="TestNGpack.VerifyProductDetailspage" name="@BeforeClass createPOMObjects" time="-1.668947175167E9">
    <skipped/>
  </testcase> <!-- @BeforeClass createPOMObjects -->
  <testcase classname="TestNGpack.VerifyHomePage" name="@BeforeMethod openAmazonHomePage" time="-1.668947175178E9">
    <skipped/>
  </testcase> <!-- @BeforeMethod openAmazonHomePage -->
  <testcase classname="TestNGpack.VerifyProductDetailspage" name="@BeforeMethod openAmazoneHomePage" time="-1.668947175178E9">
    <skipped/>
  </testcase> <!-- @BeforeMethod openAmazoneHomePage -->
  <testcase classname="TestNGpack.VerifyAddToCardButton" name="@BeforeMethod openAmazonHomePage" time="-1.668947175178E9">
    <skipped/>
  </testcase> <!-- @BeforeMethod openAmazonHomePage -->
  <testcase classname="TestNGpack.VerifyProductDetailspage" name="@AfterMethod logoutApplication" time="-1.668947175187E9">
    <skipped/>
  </testcase> <!-- @AfterMethod logoutApplication -->
  <testcase classname="TestNGpack.VerifyAddToCardButton" name="@AfterMethod logOutFromApplication" time="-1.668947175188E9">
    <skipped/>
  </testcase> <!-- @AfterMethod logOutFromApplication -->
  <testcase classname="TestNGpack.VerifyAddToCardButton" name="@BeforeMethod openAmazonHomePage" time="-1.668947175189E9">
    <skipped/>
  </testcase> <!-- @BeforeMethod openAmazonHomePage -->
  <testcase classname="TestNGpack.VerifyHomePage" name="@AfterMethod logoutFromApplication" time="-1.66894717519E9">
    <skipped/>
  </testcase> <!-- @AfterMethod logoutFromApplication -->
  <testcase classname="TestNGpack.VerifyProductDetailspage" name="@BeforeMethod openAmazoneHomePage" time="-1.668947175193E9">
    <skipped/>
  </testcase> <!-- @BeforeMethod openAmazoneHomePage -->
  <testcase classname="TestNGpack.VerifyHomePage" name="@BeforeMethod openAmazonHomePage" time="-1.668947175195E9">
    <skipped/>
  </testcase> <!-- @BeforeMethod openAmazonHomePage -->
  <testcase classname="TestNGpack.VerifyAddToCardButton" name="@AfterMethod logOutFromApplication" time="-1.668947175198E9">
    <skipped/>
  </testcase> <!-- @AfterMethod logOutFromApplication -->
  <testcase classname="TestNGpack.VerifyHomePage" name="@AfterMethod logoutFromApplication" time="-1.668947175201E9">
    <skipped/>
  </testcase> <!-- @AfterMethod logoutFromApplication -->
  <testcase classname="TestNGpack.VerifyAddToCardButton" name="@BeforeMethod openAmazonHomePage" time="-1.66894717521E9">
    <skipped/>
  </testcase> <!-- @BeforeMethod openAmazonHomePage -->
  <testcase classname="TestNGpack.VerifyHomePage" name="@AfterClass clearAll" time="-1.668947175211E9">
    <skipped/>
  </testcase> <!-- @AfterClass clearAll -->
  <testcase classname="TestNGpack.VerifyProductDetailspage" name="@AfterMethod logoutApplication" time="-1.668947175211E9">
    <skipped/>
  </testcase> <!-- @AfterMethod logoutApplication -->
  <testcase classname="TestNGpack.VerifyProductDetailspage" name="@BeforeMethod openAmazoneHomePage" time="-1.668947175213E9">
    <skipped/>
  </testcase> <!-- @BeforeMethod openAmazoneHomePage -->
  <testcase classname="TestNGpack.VerifyAddToCardButton" name="@AfterMethod logOutFromApplication" time="-1.668947175215E9">
    <skipped/>
  </testcase> <!-- @AfterMethod logOutFromApplication -->
  <testcase classname="TestNGpack.VerifyAddToCardButton" name="@AfterClass clearAll" time="-1.668947175217E9">
    <skipped/>
  </testcase> <!-- @AfterClass clearAll -->
  <testcase classname="TestNGpack.VerifyProductDetailspage" name="@AfterMethod logoutApplication" time="-1.668947175217E9">
    <skipped/>
  </testcase> <!-- @AfterMethod logoutApplication -->
  <testcase classname="TestNGpack.VerifyProductDetailspage" name="@AfterClass clearAll" time="-1.668947175219E9">
    <skipped/>
  </testcase> <!-- @AfterClass clearAll -->
  <testcase classname="TestNGpack.VerifyAddToCardButton" name="@AfterTest closeTheBrowser" time="-1.668947175221E9">
    <skipped/>
  </testcase> <!-- @AfterTest closeTheBrowser -->
  <testcase classname="TestNGpack.VerifyHomePage" name="@AfterTest closeBrowser" time="-1.668947175222E9">
    <skipped/>
  </testcase> <!-- @AfterTest closeBrowser -->
  <testcase classname="TestNGpack.VerifyProductDetailspage" name="@AfterTest closeBrowser" time="-1.668947175223E9">
    <skipped/>
  </testcase> <!-- @AfterTest closeBrowser -->
  <testcase classname="TestNGpack.VerifyHomePage" name="verifyhomepage" time="0.0">
    <skipped/>
  </testcase> <!-- verifyhomepage -->
  <testcase classname="TestNGpack.VerifyProductDetailspage" name="vefiySearchBarButton" time="0.0">
    <skipped/>
  </testcase> <!-- vefiySearchBarButton -->
  <testcase classname="TestNGpack.VerifyAddToCardButton" name="verifySearchBar" time="0.0">
    <skipped/>
  </testcase> <!-- verifySearchBar -->
  <testcase classname="TestNGpack.VerifyAddToCardButton" name="verifyAddToCardButton" time="0.0">
    <skipped/>
  </testcase> <!-- verifyAddToCardButton -->
  <testcase classname="TestNGpack.VerifyHomePage" name="verifySearchBar" time="0.0">
    <skipped/>
  </testcase> <!-- verifySearchBar -->
  <testcase classname="TestNGpack.VerifyProductDetailspage" name="verifyProductDitails" time="0.0">
    <skipped/>
  </testcase> <!-- verifyProductDitails -->
  <testcase classname="TestNGpack.VerifyAddToCardButton" name="logOutFromApplication" time="0.0">
    <skipped/>
  </testcase> <!-- logOutFromApplication -->
  <testcase classname="TestNGpack.VerifyProductDetailspage" name="verifyColourOfProduct" time="0.0">
    <skipped/>
  </testcase> <!-- verifyColourOfProduct -->
</testsuite> <!-- ChromeTest -->
