<?xml version="1.0" encoding="UTF-8"?>
<!-- Generated by org.testng.reporters.JUnitXMLReporter -->
<testsuite ignored="0" hostname="LAPTOP-I18JAT8J" failures="0" tests="8" name="ChromeTest" time="0.253" errors="0" timestamp="2022-11-20T18:02:12 IST">
  <testcase classname="TestNGpack.VerifyAddToCardButton" name="@BeforeTest launchBrowser" time="0.177">
    <failure type="java.lang.IllegalStateException" message="The driver executable does not exist: C:\Users\JAYSHRI WASEKAR\git\AmazonRepository\AmazonAutomate\src\test\resources\browsers\chromeBrowser">
      <![CDATA[java.lang.IllegalStateException: The driver executable does not exist: C:\Users\JAYSHRI WASEKAR\git\AmazonRepository\AmazonAutomate\src\test\resources\browsers\chromeBrowser
at com.google.common.base.Preconditions.checkState(Preconditions.java:585)
at org.openqa.selenium.remote.service.DriverService.checkExecutable(DriverService.java:146)
at org.openqa.selenium.remote.service.DriverService.findExecutable(DriverService.java:141)
at org.openqa.selenium.chrome.ChromeDriverService.access$000(ChromeDriverService.java:35)
at org.openqa.selenium.chrome.ChromeDriverService$Builder.findDefaultExecutable(ChromeDriverService.java:159)
at org.openqa.selenium.remote.service.DriverService$Builder.build(DriverService.java:355)
at org.openqa.selenium.chrome.ChromeDriverService.createDefaultService(ChromeDriverService.java:94)
at org.openqa.selenium.chrome.ChromeDriver.<init>(ChromeDriver.java:123)
at setup.Base.openChromeBrowser(Base.java:13)
at TestNGpack.VerifyAddToCardButton.launchBrowser(VerifyAddToCardButton.java:45)
... Removed 22 stack frames]]>
    </failure>
  </testcase> <!-- @BeforeTest launchBrowser -->
  <testcase classname="TestNGpack.VerifyHomePage" name="@BeforeTest launchBrowser" time="-1.668947532508E9">
    <skipped/>
  </testcase> <!-- @BeforeTest launchBrowser -->
  <testcase classname="TestNGpack.VerifyProductDetailspage" name="@BeforeTest launchBrowser" time="-1.66894753251E9">
    <skipped/>
  </testcase> <!-- @BeforeTest launchBrowser -->
  <testcase classname="TestNGpack.VerifyAddToCardButton" name="@BeforeClass createPOMObjects" time="-1.668947532529E9">
    <skipped/>
  </testcase> <!-- @BeforeClass createPOMObjects -->
  <testcase classname="TestNGpack.VerifyHomePage" name="@BeforeClass createPOMObjects" time="-1.66894753253E9">
    <skipped/>
  </testcase> <!-- @BeforeClass createPOMObjects -->
  <testcase classname="TestNGpack.VerifyProductDetailspage" name="@BeforeClass createPOMObjects" time="-1.668947532529E9">
    <skipped/>
  </testcase> <!-- @BeforeClass createPOMObjects -->
  <testcase classname="TestNGpack.VerifyAddToCardButton" name="@BeforeMethod openAmazonHomePage" time="-1.668947532539E9">
    <skipped/>
  </testcase> <!-- @BeforeMethod openAmazonHomePage -->
  <testcase classname="TestNGpack.VerifyProductDetailspage" name="@BeforeMethod openAmazoneHomePage" time="-1.668947532539E9">
    <skipped/>
  </testcase> <!-- @BeforeMethod openAmazoneHomePage -->
  <testcase classname="TestNGpack.VerifyHomePage" name="@BeforeMethod openAmazonHomePage" time="-1.668947532539E9">
    <skipped/>
  </testcase> <!-- @BeforeMethod openAmazonHomePage -->
  <testcase classname="TestNGpack.VerifyHomePage" name="@AfterMethod logoutFromApplication" time="-1.668947532544E9">
    <skipped/>
  </testcase> <!-- @AfterMethod logoutFromApplication -->
  <testcase classname="TestNGpack.VerifyAddToCardButton" name="@AfterMethod logOutFromApplication" time="-1.668947532545E9">
    <skipped/>
  </testcase> <!-- @AfterMethod logOutFromApplication -->
  <testcase classname="TestNGpack.VerifyHomePage" name="@BeforeMethod openAmazonHomePage" time="-1.668947532547E9">
    <skipped/>
  </testcase> <!-- @BeforeMethod openAmazonHomePage -->
  <testcase classname="TestNGpack.VerifyProductDetailspage" name="@AfterMethod logoutApplication" time="-1.668947532548E9">
    <skipped/>
  </testcase> <!-- @AfterMethod logoutApplication -->
  <testcase classname="TestNGpack.VerifyAddToCardButton" name="@BeforeMethod openAmazonHomePage" time="-1.668947532549E9">
    <skipped/>
  </testcase> <!-- @BeforeMethod openAmazonHomePage -->
  <testcase classname="TestNGpack.VerifyProductDetailspage" name="@BeforeMethod openAmazoneHomePage" time="-1.668947532551E9">
    <skipped/>
  </testcase> <!-- @BeforeMethod openAmazoneHomePage -->
  <testcase classname="TestNGpack.VerifyHomePage" name="@AfterMethod logoutFromApplication" time="-1.668947532552E9">
    <skipped/>
  </testcase> <!-- @AfterMethod logoutFromApplication -->
  <testcase classname="TestNGpack.VerifyHomePage" name="@AfterClass clearAll" time="-1.668947532554E9">
    <skipped/>
  </testcase> <!-- @AfterClass clearAll -->
  <testcase classname="TestNGpack.VerifyProductDetailspage" name="@AfterMethod logoutApplication" time="-1.668947532556E9">
    <skipped/>
  </testcase> <!-- @AfterMethod logoutApplication -->
  <testcase classname="TestNGpack.VerifyAddToCardButton" name="@AfterMethod logOutFromApplication" time="-1.668947532557E9">
    <skipped/>
  </testcase> <!-- @AfterMethod logOutFromApplication -->
  <testcase classname="TestNGpack.VerifyProductDetailspage" name="@BeforeMethod openAmazoneHomePage" time="-1.668947532557E9">
    <skipped/>
  </testcase> <!-- @BeforeMethod openAmazoneHomePage -->
  <testcase classname="TestNGpack.VerifyAddToCardButton" name="@BeforeMethod openAmazonHomePage" time="-1.668947532558E9">
    <skipped/>
  </testcase> <!-- @BeforeMethod openAmazonHomePage -->
  <testcase classname="TestNGpack.VerifyProductDetailspage" name="@AfterMethod logoutApplication" time="-1.668947532561E9">
    <skipped/>
  </testcase> <!-- @AfterMethod logoutApplication -->
  <testcase classname="TestNGpack.VerifyAddToCardButton" name="@AfterMethod logOutFromApplication" time="-1.668947532562E9">
    <skipped/>
  </testcase> <!-- @AfterMethod logOutFromApplication -->
  <testcase classname="TestNGpack.VerifyProductDetailspage" name="@AfterClass clearAll" time="-1.668947532562E9">
    <skipped/>
  </testcase> <!-- @AfterClass clearAll -->
  <testcase classname="TestNGpack.VerifyAddToCardButton" name="@AfterClass clearAll" time="-1.668947532563E9">
    <skipped/>
  </testcase> <!-- @AfterClass clearAll -->
  <testcase classname="TestNGpack.VerifyAddToCardButton" name="@AfterTest closeTheBrowser" time="-1.668947532565E9">
    <skipped/>
  </testcase> <!-- @AfterTest closeTheBrowser -->
  <testcase classname="TestNGpack.VerifyHomePage" name="@AfterTest closeBrowser" time="-1.668947532566E9">
    <skipped/>
  </testcase> <!-- @AfterTest closeBrowser -->
  <testcase classname="TestNGpack.VerifyProductDetailspage" name="@AfterTest closeBrowser" time="-1.668947532567E9">
    <skipped/>
  </testcase> <!-- @AfterTest closeBrowser -->
  <testcase classname="TestNGpack.VerifyAddToCardButton" name="verifySearchBar" time="0.0">
    <skipped/>
  </testcase> <!-- verifySearchBar -->
  <testcase classname="TestNGpack.VerifyHomePage" name="verifyhomepage" time="0.0">
    <skipped/>
  </testcase> <!-- verifyhomepage -->
  <testcase classname="TestNGpack.VerifyProductDetailspage" name="vefiySearchBarButton" time="0.0">
    <skipped/>
  </testcase> <!-- vefiySearchBarButton -->
  <testcase classname="TestNGpack.VerifyHomePage" name="verifySearchBar" time="0.0">
    <skipped/>
  </testcase> <!-- verifySearchBar -->
  <testcase classname="TestNGpack.VerifyAddToCardButton" name="verifyAddToCardButton" time="0.0">
    <skipped/>
  </testcase> <!-- verifyAddToCardButton -->
  <testcase classname="TestNGpack.VerifyProductDetailspage" name="verifyProductDitails" time="0.0">
    <skipped/>
  </testcase> <!-- verifyProductDitails -->
  <testcase classname="TestNGpack.VerifyProductDetailspage" name="verifyColourOfProduct" time="0.0">
    <skipped/>
  </testcase> <!-- verifyColourOfProduct -->
  <testcase classname="TestNGpack.VerifyAddToCardButton" name="logOutFromApplication" time="0.0">
    <skipped/>
  </testcase> <!-- logOutFromApplication -->
</testsuite> <!-- ChromeTest -->
