<?xml version="1.0" encoding="UTF-8"?>
<!-- Generated by org.testng.reporters.JUnitXMLReporter -->
<testsuite ignored="0" hostname="LAPTOP-I18JAT8J" failures="0" tests="8" name="EdgeTest" time="0.053" errors="0" timestamp="2022-11-18T22:15:28 IST">
  <testcase classname="TestNGpack.VerifyAddToCardButton" name="@BeforeTest launchBrowser" time="0.005">
    <failure type="java.lang.IllegalStateException" message="The driver executable does not exist: C:\Users\JAYSHRI WASEKAR\git\AmazonRepository\AmazonAutomate\src\test\resources\browsers\msedgedriver.exe">
      <![CDATA[java.lang.IllegalStateException: The driver executable does not exist: C:\Users\JAYSHRI WASEKAR\git\AmazonRepository\AmazonAutomate\src\test\resources\browsers\msedgedriver.exe
at com.google.common.base.Preconditions.checkState(Preconditions.java:585)
at org.openqa.selenium.remote.service.DriverService.checkExecutable(DriverService.java:146)
at org.openqa.selenium.remote.service.DriverService.findExecutable(DriverService.java:141)
at org.openqa.selenium.edge.EdgeDriverService.access$000(EdgeDriverService.java:37)
at org.openqa.selenium.edge.EdgeDriverService$Builder.findDefaultExecutable(EdgeDriverService.java:90)
at org.openqa.selenium.remote.service.DriverService$Builder.build(DriverService.java:355)
at org.openqa.selenium.edge.EdgeDriverService.createDefaultService(EdgeDriverService.java:70)
at org.openqa.selenium.edge.EdgeDriver.<init>(EdgeDriver.java:96)
at setup.Base.openEdgeBrowser(Base.java:19)
at TestNGpack.VerifyAddToCardButton.launchBrowser(VerifyAddToCardButton.java:49)
... Removed 22 stack frames]]>
    </failure>
  </testcase> <!-- @BeforeTest launchBrowser -->
  <testcase classname="TestNGpack.VerifyHomePage" name="@BeforeTest launchBrowser" time="-1.668789928489E9">
    <skipped/>
  </testcase> <!-- @BeforeTest launchBrowser -->
  <testcase classname="TestNGpack.VerifyProductDetailspage" name="@BeforeTest launchBrowser" time="-1.66878992849E9">
    <skipped/>
  </testcase> <!-- @BeforeTest launchBrowser -->
  <testcase classname="TestNGpack.VerifyProductDetailspage" name="@BeforeClass createPOMObjects" time="-1.668789928493E9">
    <skipped/>
  </testcase> <!-- @BeforeClass createPOMObjects -->
  <testcase classname="TestNGpack.VerifyHomePage" name="@BeforeClass createPOMObjects" time="-1.668789928493E9">
    <skipped/>
  </testcase> <!-- @BeforeClass createPOMObjects -->
  <testcase classname="TestNGpack.VerifyAddToCardButton" name="@BeforeClass createPOMObjects" time="-1.668789928493E9">
    <skipped/>
  </testcase> <!-- @BeforeClass createPOMObjects -->
  <testcase classname="TestNGpack.VerifyProductDetailspage" name="@BeforeMethod openAmazoneHomePage" time="-1.668789928496E9">
    <skipped/>
  </testcase> <!-- @BeforeMethod openAmazoneHomePage -->
  <testcase classname="TestNGpack.VerifyHomePage" name="@BeforeMethod openAmazonHomePage" time="-1.668789928496E9">
    <skipped/>
  </testcase> <!-- @BeforeMethod openAmazonHomePage -->
  <testcase classname="TestNGpack.VerifyAddToCardButton" name="@BeforeMethod openAmazonHomePage" time="-1.668789928497E9">
    <skipped/>
  </testcase> <!-- @BeforeMethod openAmazonHomePage -->
  <testcase classname="TestNGpack.VerifyProductDetailspage" name="@AfterMethod logoutApplication" time="-1.6687899285E9">
    <skipped/>
  </testcase> <!-- @AfterMethod logoutApplication -->
  <testcase classname="TestNGpack.VerifyProductDetailspage" name="@BeforeMethod openAmazoneHomePage" time="-1.668789928505E9">
    <skipped/>
  </testcase> <!-- @BeforeMethod openAmazoneHomePage -->
  <testcase classname="TestNGpack.VerifyHomePage" name="@AfterMethod logoutFromApplication" time="-1.668789928507E9">
    <skipped/>
  </testcase> <!-- @AfterMethod logoutFromApplication -->
  <testcase classname="TestNGpack.VerifyAddToCardButton" name="@AfterMethod logOutFromApplication" time="-1.668789928508E9">
    <skipped/>
  </testcase> <!-- @AfterMethod logOutFromApplication -->
  <testcase classname="TestNGpack.VerifyProductDetailspage" name="@AfterMethod logoutApplication" time="-1.66878992851E9">
    <skipped/>
  </testcase> <!-- @AfterMethod logoutApplication -->
  <testcase classname="TestNGpack.VerifyProductDetailspage" name="@BeforeMethod openAmazoneHomePage" time="-1.668789928513E9">
    <skipped/>
  </testcase> <!-- @BeforeMethod openAmazoneHomePage -->
  <testcase classname="TestNGpack.VerifyHomePage" name="@BeforeMethod openAmazonHomePage" time="-1.668789928512E9">
    <skipped/>
  </testcase> <!-- @BeforeMethod openAmazonHomePage -->
  <testcase classname="TestNGpack.VerifyAddToCardButton" name="@BeforeMethod openAmazonHomePage" time="-1.668789928513E9">
    <skipped/>
  </testcase> <!-- @BeforeMethod openAmazonHomePage -->
  <testcase classname="TestNGpack.VerifyProductDetailspage" name="@AfterMethod logoutApplication" time="-1.668789928516E9">
    <skipped/>
  </testcase> <!-- @AfterMethod logoutApplication -->
  <testcase classname="TestNGpack.VerifyProductDetailspage" name="@AfterClass clearAll" time="-1.668789928518E9">
    <skipped/>
  </testcase> <!-- @AfterClass clearAll -->
  <testcase classname="TestNGpack.VerifyHomePage" name="@AfterMethod logoutFromApplication" time="-1.668789928519E9">
    <skipped/>
  </testcase> <!-- @AfterMethod logoutFromApplication -->
  <testcase classname="TestNGpack.VerifyAddToCardButton" name="@AfterMethod logOutFromApplication" time="-1.66878992852E9">
    <skipped/>
  </testcase> <!-- @AfterMethod logOutFromApplication -->
  <testcase classname="TestNGpack.VerifyHomePage" name="@AfterClass clearAll" time="-1.668789928522E9">
    <skipped/>
  </testcase> <!-- @AfterClass clearAll -->
  <testcase classname="TestNGpack.VerifyAddToCardButton" name="@BeforeMethod openAmazonHomePage" time="-1.668789928522E9">
    <skipped/>
  </testcase> <!-- @BeforeMethod openAmazonHomePage -->
  <testcase classname="TestNGpack.VerifyAddToCardButton" name="@AfterMethod logOutFromApplication" time="-1.668789928526E9">
    <skipped/>
  </testcase> <!-- @AfterMethod logOutFromApplication -->
  <testcase classname="TestNGpack.VerifyAddToCardButton" name="@AfterClass clearAll" time="-1.668789928527E9">
    <skipped/>
  </testcase> <!-- @AfterClass clearAll -->
  <testcase classname="TestNGpack.VerifyAddToCardButton" name="@AfterTest closeTheBrowser" time="-1.668789928529E9">
    <skipped/>
  </testcase> <!-- @AfterTest closeTheBrowser -->
  <testcase classname="TestNGpack.VerifyHomePage" name="@AfterTest closeBrowser" time="-1.668789928531E9">
    <skipped/>
  </testcase> <!-- @AfterTest closeBrowser -->
  <testcase classname="TestNGpack.VerifyProductDetailspage" name="@AfterTest closeBrowser" time="-1.668789928532E9">
    <skipped/>
  </testcase> <!-- @AfterTest closeBrowser -->
  <testcase classname="TestNGpack.VerifyProductDetailspage" name="vefiySearchBarButton" time="0.0">
    <skipped/>
  </testcase> <!-- vefiySearchBarButton -->
  <testcase classname="TestNGpack.VerifyHomePage" name="verifyhomepage" time="0.0">
    <skipped/>
  </testcase> <!-- verifyhomepage -->
  <testcase classname="TestNGpack.VerifyAddToCardButton" name="verifySearchBar" time="0.0">
    <skipped/>
  </testcase> <!-- verifySearchBar -->
  <testcase classname="TestNGpack.VerifyProductDetailspage" name="verifyProductDitails" time="0.0">
    <skipped/>
  </testcase> <!-- verifyProductDitails -->
  <testcase classname="TestNGpack.VerifyProductDetailspage" name="verifyColourOfProduct" time="0.0">
    <skipped/>
  </testcase> <!-- verifyColourOfProduct -->
  <testcase classname="TestNGpack.VerifyHomePage" name="verifySearchBar" time="0.0">
    <skipped/>
  </testcase> <!-- verifySearchBar -->
  <testcase classname="TestNGpack.VerifyAddToCardButton" name="verifyAddToCardButton" time="0.0">
    <skipped/>
  </testcase> <!-- verifyAddToCardButton -->
  <testcase classname="TestNGpack.VerifyAddToCardButton" name="logOutFromApplication" time="0.0">
    <skipped/>
  </testcase> <!-- logOutFromApplication -->
</testsuite> <!-- EdgeTest -->
